<?xml version="1.0" encoding="UTF-8"?>
<!-- Generated by org.testng.reporters.JUnitReportReporter -->
<testsuite hostname="isaacm" failures="0" tests="1" name="www.Astroarc.Tests.AstroarcPaymentTest" time="12.208" errors="0" timestamp="2025-10-01T10:34:39 CST" skipped="0">
  <testcase classname="www.Astroarc.Tests.AstroarcPaymentTest" name="purhcaseWithCrypto" time="12.208"/>
</testsuite> <!-- www.Astroarc.Tests.AstroarcPaymentTest -->
