<?xml version="1.0" encoding="UTF-8"?>
<!-- Generated by org.testng.reporters.JUnitReportReporter -->
<testsuite hostname="isaacm" failures="0" tests="1" name="ww.Stake.Tests.StakeTransactionsTest" time="0.004" errors="0" timestamp="2025-09-25T15:53:49 CST" skipped="0">
  <testcase classname="ww.Stake.Tests.StakeTransactionsTest" name="searchPlaystationTest" time="0.004"/>
</testsuite> <!-- ww.Stake.Tests.StakeTransactionsTest -->
